---------------------------------------------------
M.U.G.E.N ver 1.1.0 Beta 1 P1 (2013.08.11) status log
---------------------------------------------------
Parsing command line...
Command line: C:\Users\jackc\Desktop\NF Repositories\nevillefighters\NevilleFighters.exe
Parse command line OK
Initializing...
Allocating game variables
Reading configuration file...Setting language "en".
OK
Initializing timer...performance timer enabled...frequency 10000000...OK
Initializing keyboard...configuring...OK
Initializing input engine...OK
Initializing sound...OK
Initializing BGM...  OK
Initializing graphics...gameCoord 1280x720...render mode 2_20...trying 1280x720x32 mode 0x0...success...OK
Setting callbacks...OK
Initializing font...OK
Initializing game variables...OK
Session RNG seed is 1591501382
Loading system fonts...OK
Loading options...
Initializing pads...failed
Reinitializing input engine...OK
Remapping keys...OK
Reinitializing input engine...OK
Options loaded OK
Loading system...
  Load system file system.def...OK
  Load system spr...OK
  Load system snd...OK
  Load system fonts...OK
  Load system anim...OK
  Load [Title Info]...OK
  Load [Option Info]...OK
  Load [Select Info]...OK
  Load [VS Screen]...OK
  Load [Victory Screen]...OK
  Load [Demo Mode]...OK
  Load [Continue Screen]...OK
  Load [Game Over Screen]...OK
  Load [Win Screen]...OK
  Load [Survival Results Screen]...OK
  Load [Default Ending]...OK
  Load [End Credits]...OK
  Load TitleBG...VersusBG...VictoryBG...SelectBG...OptionBG...OK
  Loading fight data
    Opening fight data file data/nf/fight.def...OK
    Reading [Files]...OK
    Loading fonts...OK
    Load fight anim...OK
    Reading [Lifebar]...[Turns Lifebar]...[Simul Lifebar]...[Powerbar]...
    [Face]...[Simul Face]...[Turns Face]...
    [Name]...[Simul Name]...[Turns Name]...
    [Time]...[Combo]...[Round]...[WinIcon]...OK
    Allocating explods...OK
  Fight data loaded OK
Lua initing
Lua init complete
System loaded OK
Initialize OK
Set up graphics...timer...OK

Entering gameflow loop
Gameflow 0
Gameflow 1
Gameflow 2
Initializing character info...OK
Initializing select screen...finding characters...
  Error reading character file: chars/none/none.def

  Error reading character file: chars/none/none.def

  Error reading character file: chars/none/none.def

  Error reading character file: chars/none/none.def

  Error reading character file: chars/none/none.def

  Error reading character file: chars/none/none.def

  Error reading character file: chars/none/none.def

  Error reading character file: chars/none/none.def

  Error reading character file: chars/none/none.def

  Error reading character file: chars/none/none.def

  Error reading character file: chars/none/none.def

  Error reading character file: chars/none/none.def

  Error reading character file: chars/none/none.def

  Error reading character file: chars/none/none.def

  Error reading character file: chars/none/none.def

  Error reading character file: chars/none/none.def

  Error reading character file: chars/none/none.def
OK
Gameflow 3
Gameflow 4
Entering mode select.
Unloading match assets
Freeing players
Game loop init
Mode select init
End of mode select loop
Game loop deinit
Gameflow 6
Reset persist vars team 0
Reset persist vars team 1
Gameflow 7
Entering character select.
Unloading match assets
Freeing players
Game loop init
Unreserved all palettes
Charsel init
Selected char 3 on teamslot 0.0
Char bluexuir.def (3) request pal 5 3F (3F) -> reserved 5 (1F)
End of charsel loop
Game loop deinit
Gameflow 8
Char NevilloudZX.def (9) request pal 8 3F (3F) -> reserved 2 (3B)
Gameflow 9
Gameflow 10
Entering versus screen.
Unloading match assets
Freeing players
Game loop init
Versus screen init
End of versus screen loop
Game loop deinit
Gameflow 11
Loading match assets...
Loading stage...
  Loading BG...OK
Stage loaded OK
  Allocating helpers...OK
Match RNG seed: 633714090
Reset persist vars team 1
Loading character chars/bluexuir/bluexuir.def...
  Loading info...OK
  Loading cmd command set bluexuir.cmd...OK
  Loading cns bluexuir.cns...OK
  Loading cns bluexuir-common.cns...OK
  Loading cmd state entry bluexuir.cmd...OK
  Loading common states common1.cns...OK
  Loading sff bluexuir.sff...OK
  Loading anim bluexuir.air...OK
  Loading snd bluexuir.snd...OK
  Loading pals...OK
  2864 expressions (987 on trigger lines)
Character bluexuir.def loaded OK
New char bluexuir loaded into cache: (1/4 cached) Load time: 50.000ms
Loading character chars/NevilloudZX/NevilloudZX.def...
  Loading info...Info: Nevilloud ZX loading in pre-1.0 compatible mode
OK
  Loading cmd command set NevilloudZX.cmd...OK
  Loading cns NevilloudZX.cns...OK
  Loading cmd state entry NevilloudZX.cmd...OK
  Loading common states common1.cns...OK
  Loading sff NevilloudZX.sff...OK
  Loading anim NevilloudZX.air...OK
  Loading pals...OK
  1707 expressions (621 on trigger lines)
Character NevilloudZX.def loaded OK
New char NevilloudZX loaded into cache: (2/4 cached) Load time: 40.000ms
Resetting round
Match assets initialized OK
Game loop init
Match loop init
Life power and time reset
Life power and time reset
Resetting round
End of match loop
Total time: 149.39s
Total frames: 8965 	Skipped frames: 3
Avg game rate: 60.01
Avg frame rate: 59.99

Finishing match
Freeing players
Save persist vars P56 bluexuir
Player bluexuir cache count reduced: 0
Save persist vars P57 NevilloudZX
Player NevilloudZX cache count reduced: 0
Match RNG closed
Game loop deinit
Gameflow 12
Entering victory screen.
Unloading match assets
Freeing players
Unloading stage...OK
Game loop init
Victory screen init
End of victory screen loop
Game loop deinit
Gameflow 8
Char NevilloudZX.def (9) unreserve pal 2 3F 3B -> 3F
Char redxuir.def (4) request pal 2 3F (3F) -> reserved 2 (3B)
Gameflow 9
Gameflow 10
Entering versus screen.
Unloading match assets
Freeing players
Game loop init
Versus screen init
End of versus screen loop
Game loop deinit
Gameflow 11
Loading match assets...
Loading stage...
  Loading BG...OK
Stage loaded OK
  Allocating helpers...OK
Match RNG seed: 855508012
Reset persist vars team 1
Player bluexuir cache count increased: 1
Loading character chars/redxuir/redxuir.def...
  Loading info...OK
  Loading cmd command set redxuir.cmd...OK
  Loading cns redxuir.cns...OK
  Loading cmd state entry redxuir.cmd...OK
  Loading common states common1.cns...OK
  Loading sff redxuir.sff...OK
  Loading anim redxuir.air...OK
  Loading pals...OK
  1762 expressions (621 on trigger lines)
Character redxuir.def loaded OK
New char redxuir loaded into cache: (3/4 cached) Load time: 30.000ms
Resetting round
Match assets initialized OK
Game loop init
Match loop init
End of match loop
Total time: 4.54s
Total frames: 273 	Skipped frames: 0
Avg game rate: 60.13
Avg frame rate: 60.13

Finishing match
Freeing players
Save persist vars P56 bluexuir
Player bluexuir cache count reduced: 0
Save persist vars P57 redxuir
Player redxuir cache count reduced: 0
Match RNG closed
Game loop deinit
Gameflow 6
Reset persist vars team 0
Reset persist vars team 1
Gameflow 7
Entering character select.
Unloading match assets
Freeing players
Unloading stage...OK
Game loop init
Unreserved all palettes
Charsel init
Game loop deinit
Canceled character select.
Gameflow 4
Entering mode select.
Unloading match assets
Freeing players
Game loop init
Mode select init
End of mode select loop
Game loop deinit
Returned from gameflow loop
Deinitializing...
Frames      : 9567
Time elapsed: 159.930 sec
ticks: 15993, tps: 100, start 276, end 16269

Unloading match assets
Freeing players
Clearing player cache...Freeing player RC bluexuir...CMD...CNS...SFF...AIR...SND...Misc...OK
Freeing player RC redxuir...CMD...CNS...SFF...AIR...SND...Misc...OK
Freeing player RC NevilloudZX...CMD...CNS...SFF...AIR...SND...Misc...OK
OK
Freeing character info...OK
Freeing select screen...OK
Freeing fight data...OK
Freeing system data...OK
Freeing game variables...Unloading match assets
Freeing players
OK
Deinitializing input...pad...keyboard...OK
Removing callbacks...OK
Deintializing timer...OK
Deinitializing graphics...OK
Deinitializing BGM...OK
Deinitializing sound...OK
Successful program termination.

Log file successfully closed.
